<?xml version="1.0" encoding="UTF-8"?>
<testsuite name="com.jje.tank.TankTest" tests="2" skipped="0" failures="0" errors="0" timestamp="2021-05-27T11:15:15" hostname="MGC12ZVD0XMD6N.dunton.ford.com" time="1.361">
  <properties/>
  <testcase name="givenTankIsFilling_WhenHighLevelReached_ThenTankIsFull" classname="com.jje.tank.TankTest" time="1.327"/>
  <testcase name="givenTankIsFilling_WhenHighLevelReached_ThenCloseInlet" classname="com.jje.tank.TankTest" time="0.034"/>
  <system-out><![CDATA[]]></system-out>
  <system-err><![CDATA[]]></system-err>
</testsuite>
