<?xml version="1.0" encoding="UTF-8"?>
<testsuite name="com.jje.tank.TankTest" tests="10" skipped="0" failures="0" errors="0" timestamp="2021-06-03T11:53:06" hostname="MGC12ZVD0XMD6N.dunton.ford.com" time="0.475">
  <properties/>
  <testcase name="given tank is full when flush then open Outlet" classname="com.jje.tank.TankTest" time="0.467"/>
  <testcase name="given tank is full when low level then nothing happens" classname="com.jje.tank.TankTest" time="0.0"/>
  <testcase name="given tank is flushing when high level then nothing happens" classname="com.jje.tank.TankTest" time="0.0"/>
  <testcase name="given Tank Is Filling When HighLevel Reached Then Close Inlet" classname="com.jje.tank.TankTest" time="0.001"/>
  <testcase name="given tank is flushing when level is low then inlet valve open" classname="com.jje.tank.TankTest" time="0.002"/>
  <testcase name="given Tank Is Filling When High Level Reached Then Tank Is Full" classname="com.jje.tank.TankTest" time="0.0"/>
  <testcase name="given tank is flushing when level is low then filling" classname="com.jje.tank.TankTest" time="0.0"/>
  <testcase name="given tank is flushing when level is low then outlet valve closed" classname="com.jje.tank.TankTest" time="0.001"/>
  <testcase name="given tank is full when flush then Flushing" classname="com.jje.tank.TankTest" time="0.0"/>
  <testcase name="given tank is filling when flush then nothing happens" classname="com.jje.tank.TankTest" time="0.001"/>
  <system-out><![CDATA[]]></system-out>
  <system-err><![CDATA[]]></system-err>
</testsuite>
